<?xml version="1.0" encoding="UTF-8"?>
<testng-results ignored="0" total="4" passed="4" failed="0" skipped="0">
  <reporter-output>
  </reporter-output>
  <suite started-at="2024-01-11T21:22:11 IST" name="Default suite" finished-at="2024-01-11T21:23:37 IST" duration-ms="86211">
    <groups>
      <group name="cucumber">
        <method signature="AbstractTestNGCucumberTests.runScenario(io.cucumber.testng.PickleWrapper,io.cucumber.testng.FeatureWrapper)[pri:0, instance:TestRunner.RunnerTest@53045c6c]" name="runScenario" class="io.cucumber.testng.AbstractTestNGCucumberTests"/>
      </group> <!-- cucumber -->
    </groups>
    <test started-at="2024-01-11T21:22:11 IST" name="Default test" finished-at="2024-01-11T21:23:37 IST" duration-ms="86211">
      <class name="TestRunner.RunnerTest">
        <test-method is-config="true" signature="setUpClass()[pri:0, instance:TestRunner.RunnerTest@53045c6c]" started-at="2024-01-11T21:22:11 IST" name="setUpClass" finished-at="2024-01-11T21:22:13 IST" duration-ms="1929" status="PASS">
          <reporter-output>
          </reporter-output>
        </test-method> <!-- setUpClass -->
        <test-method signature="runScenario(io.cucumber.testng.PickleWrapper,io.cucumber.testng.FeatureWrapper)[pri:0, instance:TestRunner.RunnerTest@53045c6c]" started-at="2024-01-11T21:22:13 IST" name="runScenario" description="Runs Cucumber Scenarios" data-provider="scenarios" finished-at="2024-01-11T21:22:29 IST" duration-ms="16228" status="PASS">
          <params>
            <param index="0">
              <value>
                <![CDATA["Test browser Functionality"]]>
              </value>
            </param>
            <param index="1">
              <value>
                <![CDATA["Optional[Orange HRM Application]"]]>
              </value>
            </param>
          </params>
          <reporter-output>
          </reporter-output>
        </test-method> <!-- runScenario -->
        <test-method signature="runScenario(io.cucumber.testng.PickleWrapper,io.cucumber.testng.FeatureWrapper)[pri:0, instance:TestRunner.RunnerTest@53045c6c]" started-at="2024-01-11T21:22:29 IST" name="runScenario" description="Runs Cucumber Scenarios" data-provider="scenarios" finished-at="2024-01-11T21:22:33 IST" duration-ms="3381" status="PASS">
          <params>
            <param index="0">
              <value>
                <![CDATA["Test login fuctionality"]]>
              </value>
            </param>
            <param index="1">
              <value>
                <![CDATA["Optional[Orange HRM Application]"]]>
              </value>
            </param>
          </params>
          <reporter-output>
          </reporter-output>
        </test-method> <!-- runScenario -->
        <test-method signature="runScenario(io.cucumber.testng.PickleWrapper,io.cucumber.testng.FeatureWrapper)[pri:0, instance:TestRunner.RunnerTest@53045c6c]" started-at="2024-01-11T21:22:33 IST" name="runScenario" description="Runs Cucumber Scenarios" data-provider="scenarios" finished-at="2024-01-11T21:23:03 IST" duration-ms="30685" status="PASS">
          <params>
            <param index="0">
              <value>
                <![CDATA["test pim page functionality"]]>
              </value>
            </param>
            <param index="1">
              <value>
                <![CDATA["Optional[Orange HRM Application]"]]>
              </value>
            </param>
          </params>
          <reporter-output>
          </reporter-output>
        </test-method> <!-- runScenario -->
        <test-method signature="runScenario(io.cucumber.testng.PickleWrapper,io.cucumber.testng.FeatureWrapper)[pri:0, instance:TestRunner.RunnerTest@53045c6c]" started-at="2024-01-11T21:23:03 IST" name="runScenario" description="Runs Cucumber Scenarios" data-provider="scenarios" finished-at="2024-01-11T21:23:33 IST" duration-ms="29821" status="PASS">
          <params>
            <param index="0">
              <value>
                <![CDATA["test pim page functionality"]]>
              </value>
            </param>
            <param index="1">
              <value>
                <![CDATA["Optional[Orange HRM Application]"]]>
              </value>
            </param>
          </params>
          <reporter-output>
          </reporter-output>
        </test-method> <!-- runScenario -->
        <test-method is-config="true" signature="tearDownClass()[pri:0, instance:TestRunner.RunnerTest@53045c6c]" started-at="2024-01-11T21:23:33 IST" name="tearDownClass" finished-at="2024-01-11T21:23:37 IST" duration-ms="4047" status="PASS">
          <reporter-output>
          </reporter-output>
        </test-method> <!-- tearDownClass -->
      </class> <!-- TestRunner.RunnerTest -->
    </test> <!-- Default test -->
  </suite> <!-- Default suite -->
</testng-results>
